update-alternatives 2016-08-19 00:50:11: run with --quiet --install /usr/bin/awk awk /usr/bin/mawk 5 --slave /usr/share/man/man1/awk.1.gz awk.1.gz /usr/share/man/man1/mawk.1.gz --slave /usr/bin/nawk nawk /usr/bin/mawk --slave /usr/share/man/man1/nawk.1.gz nawk.1.gz /usr/share/man/man1/mawk.1.gz
update-alternatives 2016-08-19 00:50:11: link group awk updated to point to /usr/bin/mawk
update-alternatives 2016-08-19 00:50:18: run with --quiet --install /usr/bin/awk awk /usr/bin/mawk 5 --slave /usr/share/man/man1/awk.1.gz awk.1.gz /usr/share/man/man1/mawk.1.gz --slave /usr/bin/nawk nawk /usr/bin/mawk --slave /usr/share/man/man1/nawk.1.gz nawk.1.gz /usr/share/man/man1/mawk.1.gz
update-alternatives 2016-08-19 00:50:20: run with --install /usr/sbin/rmt rmt /usr/sbin/rmt-tar 50 --slave /usr/share/man/man8/rmt.8.gz rmt.8.gz /usr/share/man/man8/rmt-tar.8.gz
update-alternatives 2016-08-19 00:50:20: link group rmt updated to point to /usr/sbin/rmt-tar
update-alternatives 2016-08-19 00:50:21: run with --install /usr/share/man/man7/builtins.7.gz builtins.7.gz /usr/share/man/man7/bash-builtins.7.gz 10
update-alternatives 2016-08-19 00:50:21: link group builtins.7.gz updated to point to /usr/share/man/man7/bash-builtins.7.gz
update-alternatives 2016-08-19 00:50:22: run with --install /usr/bin/pager pager /bin/more 50 --slave /usr/share/man/man1/pager.1.gz pager.1.gz /usr/share/man/man1/more.1.gz
update-alternatives 2016-08-19 00:50:22: link group pager updated to point to /bin/more
update-alternatives 2016-08-19 00:50:22: run with --install /usr/bin/pager pager /usr/bin/pg 10 --slave /usr/share/man/man1/pager.1.gz pager.1.gz /usr/share/man/man1/pg.1.gz
update-alternatives 2016-08-19 00:50:22: run with --install /usr/bin/w w /usr/bin/w.procps 50 --slave /usr/share/man/man1/w.1.gz w.1.gz /usr/share/man/man1/w.procps.1.gz
update-alternatives 2016-08-19 00:50:22: link group w updated to point to /usr/bin/w.procps
update-alternatives 2016-08-19 00:50:28: run with --remove builtins.7.gz /usr/share/man/man7/bash-builtins.7.gz
update-alternatives 2016-08-19 00:50:28: link group builtins.7.gz fully removed
update-alternatives 2016-08-19 00:50:28: run with --install /usr/share/man/man7/builtins.7.gz builtins.7.gz /usr/share/man/man7/bash-builtins.7.gz 10
update-alternatives 2016-08-19 00:50:28: link group builtins.7.gz updated to point to /usr/share/man/man7/bash-builtins.7.gz
update-alternatives 2016-08-19 00:50:30: run with --install /usr/bin/pager pager /bin/more 50 --slave /usr/share/man/man1/pager.1.gz pager.1.gz /usr/share/man/man1/more.1.gz
update-alternatives 2016-08-19 00:50:30: run with --install /usr/bin/pager pager /usr/bin/pg 10 --slave /usr/share/man/man1/pager.1.gz pager.1.gz /usr/share/man/man1/pg.1.gz
update-alternatives 2016-09-22 12:21:38: run with --install /etc/mysql/my.cnf my.cnf /etc/mysql/my.cnf.fallback 100
update-alternatives 2016-09-22 12:21:38: link group my.cnf updated to point to /etc/mysql/my.cnf.fallback
update-alternatives 2016-09-22 12:21:38: run with --install /etc/mysql/my.cnf my.cnf /etc/mysql/mariadb.cnf 200
update-alternatives 2016-09-22 12:21:38: link group my.cnf updated to point to /etc/mysql/mariadb.cnf
update-alternatives 2016-09-22 12:22:06: run with --install /usr/bin/rename rename /usr/bin/prename 60 --slave /usr/share/man/man1/rename.1.gz rename.1.gz /usr/share/man/man1/prename.1.gz
update-alternatives 2016-09-22 12:22:06: link group rename updated to point to /usr/bin/prename
update-alternatives 2016-09-22 12:22:57: run with --install /usr/bin/php php /usr/bin/php7.0 70 --slave /usr/share/man/man1/php.1.gz php.1.gz /usr/share/man/man1/php7.0.1.gz
update-alternatives 2016-09-22 12:22:57: link group php updated to point to /usr/bin/php7.0
update-alternatives 2016-09-22 12:22:58: run with --install /usr/bin/phar phar /usr/bin/phar7.0 70 --slave /usr/share/man/man1/phar.1.gz phar.1.gz /usr/share/man/man1/phar7.0.1.gz
update-alternatives 2016-09-22 12:22:58: link group phar updated to point to /usr/bin/phar7.0
update-alternatives 2016-09-22 12:22:58: run with --install /usr/bin/phar.phar phar.phar /usr/bin/phar.phar7.0 70 --slave /usr/share/man/man1/phar.phar.1.gz phar.phar.1.gz /usr/share/man/man1/phar.phar7.0.1.gz
update-alternatives 2016-09-22 12:22:58: link group phar.phar updated to point to /usr/bin/phar.phar7.0
update-alternatives 2020-02-11 22:34:54: run with --remove builtins.7.gz /usr/share/man/man7/bash-builtins.7.gz
update-alternatives 2020-02-11 22:34:54: link group builtins.7.gz fully removed
update-alternatives 2020-02-11 22:34:56: run with --install /usr/share/man/man7/builtins.7.gz builtins.7.gz /usr/share/man/man7/bash-builtins.7.gz 10
update-alternatives 2020-02-11 22:34:56: link group builtins.7.gz updated to point to /usr/share/man/man7/bash-builtins.7.gz
update-alternatives 2020-02-11 22:36:43: run with --install /usr/bin/pager pager /bin/more 50 --slave /usr/share/man/man1/pager.1.gz pager.1.gz /usr/share/man/man1/more.1.gz
update-alternatives 2020-02-11 22:36:43: run with --install /usr/bin/pager pager /usr/bin/pg 10 --slave /usr/share/man/man1/pager.1.gz pager.1.gz /usr/share/man/man1/pg.1.gz
update-alternatives 2020-02-11 22:36:46: run with --install /usr/sbin/rmt rmt /usr/sbin/rmt-tar 50 --slave /usr/share/man/man8/rmt.8.gz rmt.8.gz /usr/share/man/man8/rmt-tar.8.gz
update-alternatives 2020-02-11 22:38:40: run with --install /etc/mysql/my.cnf my.cnf /etc/mysql/my.cnf.fallback 100
update-alternatives 2020-02-11 22:38:41: run with --install /etc/mysql/my.cnf my.cnf /etc/mysql/mariadb.cnf 200
update-alternatives 2020-02-11 22:39:35: run with --install /usr/bin/rename rename /usr/bin/prename 60 --slave /usr/share/man/man1/rename.1.gz rename.1.gz /usr/share/man/man1/prename.1.gz
update-alternatives 2020-02-11 22:39:36: run with --install /usr/bin/w w /usr/bin/w.procps 50 --slave /usr/share/man/man1/w.1.gz w.1.gz /usr/share/man/man1/w.procps.1.gz
update-alternatives 2020-02-11 22:44:22: run with --install /usr/bin/php php /usr/bin/php7.0 70 --slave /usr/share/man/man1/php.1.gz php.1.gz /usr/share/man/man1/php7.0.1.gz
update-alternatives 2020-02-11 22:44:22: run with --install /usr/bin/phar phar /usr/bin/phar7.0 70 --slave /usr/share/man/man1/phar.1.gz phar.1.gz /usr/share/man/man1/phar7.0.1.gz
update-alternatives 2020-02-11 22:44:22: run with --install /usr/bin/phar.phar phar.phar /usr/bin/phar.phar7.0 70 --slave /usr/share/man/man1/phar.phar.1.gz phar.phar.1.gz /usr/share/man/man1/phar.phar7.0.1.gz
update-alternatives 2020-02-11 22:49:48: run with --install /usr/bin/editor editor /bin/nano 40 --slave /usr/share/man/man1/editor.1.gz editor.1.gz /usr/share/man/man1/nano.1.gz
update-alternatives 2020-02-11 22:49:48: link group editor updated to point to /bin/nano
update-alternatives 2020-02-11 22:49:48: run with --install /usr/bin/pico pico /bin/nano 10 --slave /usr/share/man/man1/pico.1.gz pico.1.gz /usr/share/man/man1/nano.1.gz
update-alternatives 2020-02-11 22:49:48: link group pico updated to point to /bin/nano
update-alternatives 2020-02-11 22:57:08: run with --quiet --install /usr/bin/www-browser www-browser /usr/bin/links 68 --slave /usr/share/man/man1/www-browser.1.gz www-browser.1.gz /usr/share/man/man1/links.1.gz
update-alternatives 2020-02-11 22:57:08: link group www-browser updated to point to /usr/bin/links
update-alternatives 2020-02-11 23:03:29: run with --force --install /etc/ld.so.conf.d/x86_64-linux-gnu_EGL.conf x86_64-linux-gnu_egl_conf /usr/lib/x86_64-linux-gnu/mesa-egl/ld.so.conf 500
update-alternatives 2020-02-11 23:03:29: link group x86_64-linux-gnu_egl_conf updated to point to /usr/lib/x86_64-linux-gnu/mesa-egl/ld.so.conf
update-alternatives 2020-02-11 23:03:49: run with --install /usr/lib/x86_64-linux-gnu/libtxc_dxtn.so libtxc-dxtn-x86_64-linux-gnu /usr/lib/x86_64-linux-gnu/libtxc_dxtn_s2tc.so.0 10
update-alternatives 2020-02-11 23:03:49: link group libtxc-dxtn-x86_64-linux-gnu updated to point to /usr/lib/x86_64-linux-gnu/libtxc_dxtn_s2tc.so.0
update-alternatives 2020-02-11 23:03:56: run with --force --install /etc/ld.so.conf.d/x86_64-linux-gnu_GL.conf x86_64-linux-gnu_gl_conf /usr/lib/x86_64-linux-gnu/mesa/ld.so.conf 500 --slave /usr/lib/x86_64-linux-gnu/xorg/extra-modules x86_64-linux-gnu_xorg_extra_modules /usr/lib/x86_64-linux-gnu/xorg/x11-extra-modules
update-alternatives 2020-02-11 23:03:56: link group x86_64-linux-gnu_gl_conf updated to point to /usr/lib/x86_64-linux-gnu/mesa/ld.so.conf
update-alternatives 2020-02-11 23:03:57: run with --install /usr/bin/x-www-browser x-www-browser /usr/bin/midori 39 --slave /usr/share/man/man1/x-www-browser.1.gz x-www-browser.1.gz /usr/share/man/man1/midori.1.gz
update-alternatives 2020-02-11 23:03:57: link group x-www-browser updated to point to /usr/bin/midori
update-alternatives 2020-02-11 23:03:57: run with --install /usr/share/icons/default/index.theme x-cursor-theme /usr/share/icons/Adwaita/cursor.theme 90
update-alternatives 2020-02-11 23:03:57: link group x-cursor-theme updated to point to /usr/share/icons/Adwaita/cursor.theme
update-alternatives 2020-02-11 23:03:58: run with --quiet --install /usr/bin/pinentry pinentry /usr/bin/pinentry-gnome3 90 --slave /usr/share/man/man1/pinentry.1.gz pinentry.1.gz /usr/share/man/man1/pinentry-gnome3.1.gz
update-alternatives 2020-02-11 23:03:58: link group pinentry updated to point to /usr/bin/pinentry-gnome3
update-alternatives 2020-02-11 23:03:58: run with --quiet --install /usr/bin/pinentry-x11 pinentry-x11 /usr/bin/pinentry-gnome3 90 --slave /usr/share/man/man1/pinentry-x11.1.gz pinentry-x11.1.gz /usr/share/man/man1/pinentry-gnome3.1.gz
update-alternatives 2020-02-11 23:03:58: link group pinentry-x11 updated to point to /usr/bin/pinentry-gnome3
update-alternatives 2020-02-11 23:04:35: run with --remove x-www-browser /usr/bin/midori
update-alternatives 2020-02-11 23:04:35: link group x-www-browser fully removed
update-alternatives 2020-02-18 23:01:39: run with --quiet --install /usr/bin/pager pager /bin/less 77 --slave /usr/share/man/man1/pager.1.gz pager.1.gz /usr/share/man/man1/less.1.gz
update-alternatives 2020-02-18 23:01:39: link group pager updated to point to /bin/less
update-alternatives 2020-02-18 23:01:39: run with --quiet --remove pager /usr/bin/less
update-alternatives 2020-02-18 23:01:39: run with --quiet --install /usr/bin/pager pager /bin/less 77 --slave /usr/share/man/man1/pager.1.gz pager.1.gz /usr/share/man/man1/less.1.gz
update-alternatives 2020-02-18 23:01:39: run with --quiet --remove pager /usr/bin/less
update-alternatives 2020-02-18 23:01:41: run with --quiet --install /usr/bin/rsh rsh /usr/bin/ssh 20 --slave /usr/share/man/man1/rsh.1.gz rsh.1.gz /usr/share/man/man1/ssh.1.gz
update-alternatives 2020-02-18 23:01:41: link group rsh updated to point to /usr/bin/ssh
update-alternatives 2020-02-18 23:01:41: run with --quiet --install /usr/bin/rlogin rlogin /usr/bin/slogin 20 --slave /usr/share/man/man1/rlogin.1.gz rlogin.1.gz /usr/share/man/man1/slogin.1.gz
update-alternatives 2020-02-18 23:01:41: link group rlogin updated to point to /usr/bin/slogin
update-alternatives 2020-02-18 23:01:41: run with --quiet --install /usr/bin/rcp rcp /usr/bin/scp 20 --slave /usr/share/man/man1/rcp.1.gz rcp.1.gz /usr/share/man/man1/scp.1.gz
update-alternatives 2020-02-18 23:01:41: link group rcp updated to point to /usr/bin/scp
update-alternatives 2020-03-03 22:19:57: run with --install /usr/bin/gnome-www-browser gnome-www-browser /usr/bin/palemoon 40
update-alternatives 2020-03-03 22:19:57: link group gnome-www-browser updated to point to /usr/bin/palemoon
update-alternatives 2020-03-03 22:19:57: run with --install /usr/bin/x-www-browser x-www-browser /usr/bin/palemoon 40
update-alternatives 2020-03-03 22:19:57: link group x-www-browser updated to point to /usr/bin/palemoon
update-alternatives 2020-03-03 22:42:48: run with --quiet --remove pinentry-x11 /usr/bin/pinentry-gnome3
update-alternatives 2020-03-03 22:42:48: link group pinentry-x11 fully removed
update-alternatives 2020-03-03 22:42:48: run with --quiet --remove pinentry /usr/bin/pinentry-gnome3
update-alternatives 2020-03-03 22:42:48: link group pinentry fully removed
update-alternatives 2020-03-03 22:42:55: run with --remove x86_64-linux-gnu_gl_conf /usr/lib/x86_64-linux-gnu/mesa/ld.so.conf
update-alternatives 2020-03-03 22:42:55: link group x86_64-linux-gnu_gl_conf fully removed
update-alternatives 2020-03-03 22:43:02: run with --remove libtxc-dxtn-x86_64-linux-gnu /usr/lib/x86_64-linux-gnu/libtxc_dxtn_s2tc.so.0
update-alternatives 2020-03-03 22:43:02: link group libtxc-dxtn-x86_64-linux-gnu fully removed
update-alternatives 2020-03-03 22:43:11: run with --remove x86_64-linux-gnu_egl_conf /usr/lib/x86_64-linux-gnu/mesa-egl/ld.so.conf
update-alternatives 2020-03-03 22:43:11: link group x86_64-linux-gnu_egl_conf fully removed
update-alternatives 2020-03-03 22:43:17: run with --remove x-cursor-theme /usr/share/icons/Adwaita/cursor.theme
update-alternatives 2020-03-03 22:43:17: link group x-cursor-theme fully removed
